<?xml version="1.0" encoding="UTF-8"?>
<!-- Generated by org.testng.reporters.JUnitReportReporter -->
<testsuite skipped="0" hostname="Henrys-MacBook-Pro.local" name="com.maven1.BaseClass" tests="1" failures="0" timestamp="22 Dec 2018 02:47:16 GMT" time="4.363" errors="0">
  <testcase name="setup" time="4.363" classname="com.maven1.BaseClass"/>
</testsuite> <!-- com.maven1.BaseClass -->
