<?xml version="1.0" encoding="UTF-8"?>
<!-- Generated by org.testng.reporters.JUnitReportReporter -->
<testsuite skipped="0" hostname="Henrys-MacBook-Pro.local" name="com.maven1.MavenTest1" tests="1" failures="0" timestamp="21 Dec 2018 20:31:25 GMT" time="0.000" errors="0">
  <testcase name="hello" time="0.000" classname="com.maven1.MavenTest1"/>
</testsuite> <!-- com.maven1.MavenTest1 -->
